# JRE version: Java(TM) SE Runtime Environment (17.0.12+8) (build 17.0.12+8-LTS-286)
# Java VM: Java HotSpot(TM) 64-Bit Server VM (17.0.12+8-LTS-286, mixed mode, sharing, tiered, compressed oops, compressed class ptrs, g1 gc, windows-amd64)
GC Precious Log:
 CPUs: 8 total, 8 available
 Memory: 7934M
 Large Page Support: Disabled
 NUMA Support: Disabled
 Compressed Oops: Enabled (32-bit)
 Heap Region Size: 1M
 Heap Min Capacity: 8M
 Heap Initial Capacity: 124M
 Heap Max Capacity: 1984M
 Pre-touch: Disabled
 Parallel Workers: 8
 Concurrent Workers: 2
 Concurrent Refinement Workers: 8
 Periodic GC: Disabled
Heap:
 garbage-first heap   total 83968K, used 31371K [0x0000000084000000, 0x0000000100000000)
  region size 1024K, 5 young (5120K), 5 survivors (5120K)
 Metaspace       used 64084K, committed 64640K, reserved 1114112K
  class space    used 9058K, committed 9344K, reserved 1048576K
GC Heap History (20 events):
Event: 1.173 GC heap after
{Heap after GC invocations=2 (full 0):
 garbage-first heap   total 126976K, used 11212K [0x0000000084000000, 0x0000000100000000)
  region size 1024K, 3 young (3072K), 3 survivors (3072K)
 Metaspace       used 11856K, committed 12096K, reserved 1114112K
  class space    used 1475K, committed 1600K, reserved 1048576K
}
Event: 2.273 GC heap before
{Heap before GC invocations=2 (full 0):
 garbage-first heap   total 126976K, used 68556K [0x0000000084000000, 0x0000000100000000)
  region size 1024K, 61 young (62464K), 3 survivors (3072K)
 Metaspace       used 21212K, committed 21504K, reserved 1114112K
  class space    used 2644K, committed 2752K, reserved 1048576K
}
Event: 2.283 GC heap after
{Heap after GC invocations=3 (full 0):
 garbage-first heap   total 126976K, used 15838K [0x0000000084000000, 0x0000000100000000)
  region size 1024K, 7 young (7168K), 7 survivors (7168K)
 Metaspace       used 21212K, committed 21504K, reserved 1114112K
  class space    used 2644K, committed 2752K, reserved 1048576K
}
Event: 2.877 GC heap before
{Heap before GC invocations=4 (full 0):
 garbage-first heap   total 58368K, used 43486K [0x0000000084000000, 0x0000000100000000)
  region size 1024K, 34 young (34816K), 7 survivors (7168K)
 Metaspace       used 25399K, committed 25856K, reserved 1114112K
  class space    used 3320K, committed 3520K, reserved 1048576K
}
Event: 2.887 GC heap after
{Heap after GC invocations=5 (full 0):
 garbage-first heap   total 58368K, used 18170K [0x0000000084000000, 0x0000000100000000)
  region size 1024K, 3 young (3072K), 3 survivors (3072K)
 Metaspace       used 25399K, committed 25856K, reserved 1114112K
  class space    used 3320K, committed 3520K, reserved 1048576K
}
Event: 2.898 GC heap before
{Heap before GC invocations=5 (full 0):
 garbage-first heap   total 58368K, used 19194K [0x0000000084000000, 0x0000000100000000)
  region size 1024K, 4 young (4096K), 3 survivors (3072K)
 Metaspace       used 25462K, committed 25856K, reserved 1114112K
  class space    used 3327K, committed 3520K, reserved 1048576K
}
Event: 2.903 GC heap after
{Heap after GC invocations=6 (full 0):
 garbage-first heap   total 58368K, used 17931K [0x0000000084000000, 0x0000000100000000)
  region size 1024K, 1 young (1024K), 1 survivors (1024K)
 Metaspace       used 25462K, committed 25856K, reserved 1114112K
  class space    used 3327K, committed 3520K, reserved 1048576K
}
Event: 3.361 GC heap before
{Heap before GC invocations=6 (full 0):
 garbage-first heap   total 58368K, used 39435K [0x0000000084000000, 0x0000000100000000)
  region size 1024K, 23 young (23552K), 1 survivors (1024K)
 Metaspace       used 29834K, committed 30208K, reserved 1114112K
  class space    used 3955K, committed 4096K, reserved 1048576K
}
Event: 3.371 GC heap after
{Heap after GC invocations=7 (full 0):
 garbage-first heap   total 112640K, used 19992K [0x0000000084000000, 0x0000000100000000)
  region size 1024K, 3 young (3072K), 3 survivors (3072K)
 Metaspace       used 29834K, committed 30208K, reserved 1114112K
  class space    used 3955K, committed 4096K, reserved 1048576K
}
Event: 4.859 GC heap before
{Heap before GC invocations=7 (full 0):
 garbage-first heap   total 112640K, used 48664K [0x0000000084000000, 0x0000000100000000)
  region size 1024K, 32 young (32768K), 3 survivors (3072K)
 Metaspace       used 35714K, committed 36096K, reserved 1114112K
  class space    used 4666K, committed 4864K, reserved 1048576K
}
Event: 4.864 GC heap after
{Heap after GC invocations=8 (full 0):
 garbage-first heap   total 112640K, used 22692K [0x0000000084000000, 0x0000000100000000)
  region size 1024K, 6 young (6144K), 6 survivors (6144K)
 Metaspace       used 35714K, committed 36096K, reserved 1114112K
  class space    used 4666K, committed 4864K, reserved 1048576K
}
Event: 6.105 GC heap before
{Heap before GC invocations=9 (full 0):
 garbage-first heap   total 81920K, used 65700K [0x0000000084000000, 0x0000000100000000)
  region size 1024K, 48 young (49152K), 6 survivors (6144K)
 Metaspace       used 46047K, committed 46528K, reserved 1114112K
  class space    used 6235K, committed 6464K, reserved 1048576K
}
Event: 6.109 GC heap after
{Heap after GC invocations=10 (full 0):
 garbage-first heap   total 81920K, used 25356K [0x0000000084000000, 0x0000000100000000)
  region size 1024K, 6 young (6144K), 6 survivors (6144K)
 Metaspace       used 46047K, committed 46528K, reserved 1114112K
  class space    used 6235K, committed 6464K, reserved 1048576K
}
Event: 6.129 GC heap before
{Heap before GC invocations=10 (full 0):
 garbage-first heap   total 81920K, used 26380K [0x0000000084000000, 0x0000000100000000)
  region size 1024K, 7 young (7168K), 6 survivors (6144K)
 Metaspace       used 46330K, committed 46848K, reserved 1114112K
  class space    used 6274K, committed 6528K, reserved 1048576K
}
Event: 6.133 GC heap after
{Heap after GC invocations=11 (full 0):
 garbage-first heap   total 81920K, used 25779K [0x0000000084000000, 0x0000000100000000)
  region size 1024K, 1 young (1024K), 1 survivors (1024K)
 Metaspace       used 46330K, committed 46848K, reserved 1114112K
  class space    used 6274K, committed 6528K, reserved 1048576K
}
Event: 6.768 GC heap before
{Heap before GC invocations=11 (full 0):
 garbage-first heap   total 81920K, used 60595K [0x0000000084000000, 0x0000000100000000)
  region size 1024K, 36 young (36864K), 1 survivors (1024K)
 Metaspace       used 55469K, committed 56000K, reserved 1114112K
  class space    used 7667K, committed 7936K, reserved 1048576K
}
Event: 6.769 GC heap after
{Heap after GC invocations=12 (full 0):
 garbage-first heap   total 81920K, used 26271K [0x0000000084000000, 0x0000000100000000)
  region size 1024K, 2 young (2048K), 2 survivors (2048K)
 Metaspace       used 55469K, committed 56000K, reserved 1114112K
  class space    used 7667K, committed 7936K, reserved 1048576K
}
Event: 7.351 GC heap before
{Heap before GC invocations=12 (full 0):
 garbage-first heap   total 81920K, used 48799K [0x0000000084000000, 0x0000000100000000)
  region size 1024K, 25 young (25600K), 2 survivors (2048K)
 Metaspace       used 59854K, committed 60416K, reserved 1114112K
  class space    used 8270K, committed 8512K, reserved 1048576K
}
Event: 7.354 GC heap after
{Heap after GC invocations=13 (full 0):
 garbage-first heap   total 81920K, used 27946K [0x0000000084000000, 0x0000000100000000)
  region size 1024K, 4 young (4096K), 4 survivors (4096K)
 Metaspace       used 59854K, committed 60416K, reserved 1114112K
  class space    used 8270K, committed 8512K, reserved 1048576K
}
Event: 7.876 GC heap before
{Heap before GC invocations=14 (full 0):
 garbage-first heap   total 81920K, used 63786K [0x0000000084000000, 0x0000000100000000)
  region size 1024K, 39 young (39936K), 4 survivors (4096K)
 Metaspace       used 64084K, committed 64640K, reserved 1114112K
  class space    used 9058K, committed 9344K, reserved 1048576K
}

