# JRE version: Java(TM) SE Runtime Environment (17.0.12+8) (build 17.0.12+8-LTS-286)
# Java VM: Java HotSpot(TM) 64-Bit Server VM (17.0.12+8-LTS-286, mixed mode, sharing, tiered, compressed oops, compressed class ptrs, g1 gc, windows-amd64)
GC Precious Log:
 CPUs: 8 total, 8 available
 Memory: 7934M
 Large Page Support: Disabled
 NUMA Support: Disabled
 Compressed Oops: Enabled (32-bit)
 Heap Region Size: 1M
 Heap Min Capacity: 8M
 Heap Initial Capacity: 124M
 Heap Max Capacity: 1984M
 Pre-touch: Disabled
 Parallel Workers: 8
 Concurrent Workers: 2
 Concurrent Refinement Workers: 8
 Periodic GC: Disabled
Heap:
 garbage-first heap   total 61440K, used 35742K [0x0000000084000000, 0x0000000100000000)
  region size 1024K, 14 young (14336K), 3 survivors (3072K)
 Metaspace       used 48120K, committed 48640K, reserved 1114112K
  class space    used 6462K, committed 6720K, reserved 1048576K
GC Heap History (20 events):
Event: 0.787 GC heap before
{Heap before GC invocations=0 (full 0):
 garbage-first heap   total 126976K, used 24576K [0x0000000084000000, 0x0000000100000000)
  region size 1024K, 23 young (23552K), 0 survivors (0K)
 Metaspace       used 5483K, committed 5696K, reserved 1114112K
  class space    used 643K, committed 768K, reserved 1048576K
}
Event: 0.793 GC heap after
{Heap after GC invocations=1 (full 0):
 garbage-first heap   total 126976K, used 8616K [0x0000000084000000, 0x0000000100000000)
  region size 1024K, 3 young (3072K), 3 survivors (3072K)
 Metaspace       used 5483K, committed 5696K, reserved 1114112K
  class space    used 643K, committed 768K, reserved 1048576K
}
Event: 1.462 GC heap before
{Heap before GC invocations=1 (full 0):
 garbage-first heap   total 126976K, used 34216K [0x0000000084000000, 0x0000000100000000)
  region size 1024K, 29 young (29696K), 3 survivors (3072K)
 Metaspace       used 11973K, committed 12224K, reserved 1114112K
  class space    used 1481K, committed 1600K, reserved 1048576K
}
Event: 1.468 GC heap after
{Heap after GC invocations=2 (full 0):
 garbage-first heap   total 126976K, used 11237K [0x0000000084000000, 0x0000000100000000)
  region size 1024K, 3 young (3072K), 3 survivors (3072K)
 Metaspace       used 11973K, committed 12224K, reserved 1114112K
  class space    used 1481K, committed 1600K, reserved 1048576K
}
Event: 3.061 GC heap before
{Heap before GC invocations=2 (full 0):
 garbage-first heap   total 126976K, used 66533K [0x0000000084000000, 0x0000000100000000)
  region size 1024K, 59 young (60416K), 3 survivors (3072K)
 Metaspace       used 21232K, committed 21504K, reserved 1114112K
  class space    used 2643K, committed 2752K, reserved 1048576K
}
Event: 3.074 GC heap after
{Heap after GC invocations=3 (full 0):
 garbage-first heap   total 126976K, used 15918K [0x0000000084000000, 0x0000000100000000)
  region size 1024K, 8 young (8192K), 8 survivors (8192K)
 Metaspace       used 21232K, committed 21504K, reserved 1114112K
  class space    used 2643K, committed 2752K, reserved 1048576K
}
Event: 5.113 GC heap before
{Heap before GC invocations=4 (full 0):
 garbage-first heap   total 61440K, used 44590K [0x0000000084000000, 0x0000000100000000)
  region size 1024K, 36 young (36864K), 8 survivors (8192K)
 Metaspace       used 25522K, committed 25920K, reserved 1114112K
  class space    used 3330K, committed 3520K, reserved 1048576K
}
Event: 5.138 GC heap after
{Heap after GC invocations=5 (full 0):
 garbage-first heap   total 61440K, used 18019K [0x0000000084000000, 0x0000000100000000)
  region size 1024K, 3 young (3072K), 3 survivors (3072K)
 Metaspace       used 25522K, committed 25920K, reserved 1114112K
  class space    used 3330K, committed 3520K, reserved 1048576K
}
Event: 5.208 GC heap before
{Heap before GC invocations=5 (full 0):
 garbage-first heap   total 61440K, used 19043K [0x0000000084000000, 0x0000000100000000)
  region size 1024K, 4 young (4096K), 3 survivors (3072K)
 Metaspace       used 25736K, committed 26112K, reserved 1114112K
  class space    used 3362K, committed 3520K, reserved 1048576K
}
Event: 5.219 GC heap after
{Heap after GC invocations=6 (full 0):
 garbage-first heap   total 61440K, used 18484K [0x0000000084000000, 0x0000000100000000)
  region size 1024K, 1 young (1024K), 1 survivors (1024K)
 Metaspace       used 25736K, committed 26112K, reserved 1114112K
  class space    used 3362K, committed 3520K, reserved 1048576K
}
Event: 6.528 GC heap before
{Heap before GC invocations=6 (full 0):
 garbage-first heap   total 61440K, used 43060K [0x0000000084000000, 0x0000000100000000)
  region size 1024K, 25 young (25600K), 1 survivors (1024K)
 Metaspace       used 30733K, committed 31104K, reserved 1114112K
  class space    used 4042K, committed 4224K, reserved 1048576K
}
Event: 6.545 GC heap after
{Heap after GC invocations=7 (full 0):
 garbage-first heap   total 61440K, used 20534K [0x0000000084000000, 0x0000000100000000)
  region size 1024K, 3 young (3072K), 3 survivors (3072K)
 Metaspace       used 30733K, committed 31104K, reserved 1114112K
  class space    used 4042K, committed 4224K, reserved 1048576K
}
Event: 7.516 GC heap before
{Heap before GC invocations=7 (full 0):
 garbage-first heap   total 61440K, used 44086K [0x0000000084000000, 0x0000000100000000)
  region size 1024K, 26 young (26624K), 3 survivors (3072K)
 Metaspace       used 35570K, committed 36032K, reserved 1114112K
  class space    used 4634K, committed 4864K, reserved 1048576K
}
Event: 7.523 GC heap after
{Heap after GC invocations=8 (full 0):
 garbage-first heap   total 61440K, used 22918K [0x0000000084000000, 0x0000000100000000)
  region size 1024K, 3 young (3072K), 3 survivors (3072K)
 Metaspace       used 35570K, committed 36032K, reserved 1114112K
  class space    used 4634K, committed 4864K, reserved 1048576K
}
Event: 7.575 GC heap before
{Heap before GC invocations=8 (full 0):
 garbage-first heap   total 61440K, used 23942K [0x0000000084000000, 0x0000000100000000)
  region size 1024K, 5 young (5120K), 3 survivors (3072K)
 Metaspace       used 35738K, committed 36160K, reserved 1114112K
  class space    used 4664K, committed 4864K, reserved 1048576K
}
Event: 7.579 GC heap after
{Heap after GC invocations=9 (full 0):
 garbage-first heap   total 61440K, used 23194K [0x0000000084000000, 0x0000000100000000)
  region size 1024K, 1 young (1024K), 1 survivors (1024K)
 Metaspace       used 35738K, committed 36160K, reserved 1114112K
  class space    used 4664K, committed 4864K, reserved 1048576K
}
Event: 8.609 GC heap before
{Heap before GC invocations=10 (full 0):
 garbage-first heap   total 61440K, used 43674K [0x0000000084000000, 0x0000000100000000)
  region size 1024K, 22 young (22528K), 1 survivors (1024K)
 Metaspace       used 40847K, committed 41344K, reserved 1114112K
  class space    used 5434K, committed 5696K, reserved 1048576K
}
Event: 8.612 GC heap after
{Heap after GC invocations=11 (full 0):
 garbage-first heap   total 61440K, used 24428K [0x0000000084000000, 0x0000000100000000)
  region size 1024K, 2 young (2048K), 2 survivors (2048K)
 Metaspace       used 40847K, committed 41344K, reserved 1114112K
  class space    used 5434K, committed 5696K, reserved 1048576K
}
Event: 9.569 GC heap before
{Heap before GC invocations=11 (full 0):
 garbage-first heap   total 61440K, used 44908K [0x0000000084000000, 0x0000000100000000)
  region size 1024K, 23 young (23552K), 2 survivors (2048K)
 Metaspace       used 45863K, committed 46400K, reserved 1114112K
  class space    used 6207K, committed 6464K, reserved 1048576K
}
Event: 9.574 GC heap after
{Heap after GC invocations=12 (full 0):
 garbage-first heap   total 61440K, used 25502K [0x0000000084000000, 0x0000000100000000)
  region size 1024K, 3 young (3072K), 3 survivors (3072K)
 Metaspace       used 45863K, committed 46400K, reserved 1114112K
  class space    used 6207K, committed 6464K, reserved 1048576K
}

